# JRE version: OpenJDK Runtime Environment (8.0_202-b03) (build 1.8.0_202-release-1483-b03)
# Java VM: OpenJDK 64-Bit Server VM (25.202-b03 mixed mode windows-amd64 compressed oops)
Heap:
 PSYoungGen      total 334848K, used 130778K [0x00000000e0000000, 0x00000000fa200000, 0x0000000100000000)
  eden space 269824K, 44% used [0x00000000e0000000,0x00000000e74cbd88,0x00000000f0780000)
  from space 65024K, 17% used [0x00000000f0780000,0x00000000f126ad20,0x00000000f4700000)
  to   space 60416K, 0% used [0x00000000f6700000,0x00000000f6700000,0x00000000fa200000)
 ParOldGen       total 209920K, used 80525K [0x00000000a0000000, 0x00000000acd00000, 0x00000000e0000000)
  object space 209920K, 38% used [0x00000000a0000000,0x00000000a4ea34c0,0x00000000acd00000)
 Metaspace       used 121697K, capacity 128804K, committed 128984K, reserved 1161216K
  class space    used 15655K, capacity 16889K, committed 16896K, reserved 1048576K
GC Heap History (10 events):
Event: 5045.342 GC heap before
{Heap before GC invocations=41 (full 4):
 PSYoungGen      total 283136K, used 278154K [0x00000000e0000000, 0x00000000f5a80000, 0x0000000100000000)
  eden space 234496K, 100% used [0x00000000e0000000,0x00000000ee500000,0x00000000ee500000)
  from space 48640K, 89% used [0x00000000f1a00000,0x00000000f44a28e8,0x00000000f4980000)
  to   space 54272K, 0% used [0x00000000ee500000,0x00000000ee500000,0x00000000f1a00000)
 ParOldGen       total 209920K, used 47254K [0x00000000a0000000, 0x00000000acd00000, 0x00000000e0000000)
  object space 209920K, 22% used [0x00000000a0000000,0x00000000a2e25bd0,0x00000000acd00000)
 Metaspace       used 120859K, capacity 127892K, committed 128216K, reserved 1161216K
  class space    used 15561K, capacity 16779K, committed 16896K, reserved 1048576K
Event: 5045.381 GC heap after
Heap after GC invocations=41 (full 4):
 PSYoungGen      total 288768K, used 47207K [0x00000000e0000000, 0x00000000f8180000, 0x0000000100000000)
  eden space 234496K, 0% used [0x00000000e0000000,0x00000000e0000000,0x00000000ee500000)
  from space 54272K, 86% used [0x00000000ee500000,0x00000000f1319cf0,0x00000000f1a00000)
  to   space 59904K, 0% used [0x00000000f4700000,0x00000000f4700000,0x00000000f8180000)
 ParOldGen       total 209920K, used 47262K [0x00000000a0000000, 0x00000000acd00000, 0x00000000e0000000)
  object space 209920K, 22% used [0x00000000a0000000,0x00000000a2e27bd0,0x00000000acd00000)
 Metaspace       used 120859K, capacity 127892K, committed 128216K, reserved 1161216K
  class space    used 15561K, capacity 16779K, committed 16896K, reserved 1048576K
}
Event: 5046.255 GC heap before
{Heap before GC invocations=42 (full 4):
 PSYoungGen      total 288768K, used 281703K [0x00000000e0000000, 0x00000000f8180000, 0x0000000100000000)
  eden space 234496K, 100% used [0x00000000e0000000,0x00000000ee500000,0x00000000ee500000)
  from space 54272K, 86% used [0x00000000ee500000,0x00000000f1319cf0,0x00000000f1a00000)
  to   space 59904K, 0% used [0x00000000f4700000,0x00000000f4700000,0x00000000f8180000)
 ParOldGen       total 209920K, used 47262K [0x00000000a0000000, 0x00000000acd00000, 0x00000000e0000000)
  object space 209920K, 22% used [0x00000000a0000000,0x00000000a2e27bd0,0x00000000acd00000)
 Metaspace       used 121059K, capacity 128144K, committed 128216K, reserved 1161216K
  class space    used 15587K, capacity 16831K, committed 16896K, reserved 1048576K
Event: 5046.302 GC heap after
Heap after GC invocations=42 (full 4):
 PSYoungGen      total 329728K, used 50092K [0x00000000e0000000, 0x00000000f8b80000, 0x0000000100000000)
  eden space 269824K, 0% used [0x00000000e0000000,0x00000000e0000000,0x00000000f0780000)
  from space 59904K, 83% used [0x00000000f4700000,0x00000000f77eb060,0x00000000f8180000)
  to   space 65024K, 0% used [0x00000000f0780000,0x00000000f0780000,0x00000000f4700000)
 ParOldGen       total 209920K, used 47270K [0x00000000a0000000, 0x00000000acd00000, 0x00000000e0000000)
  object space 209920K, 22% used [0x00000000a0000000,0x00000000a2e29bd0,0x00000000acd00000)
 Metaspace       used 121059K, capacity 128144K, committed 128216K, reserved 1161216K
  class space    used 15587K, capacity 16831K, committed 16896K, reserved 1048576K
}
Event: 5047.201 GC heap before
{Heap before GC invocations=43 (full 4):
 PSYoungGen      total 329728K, used 319916K [0x00000000e0000000, 0x00000000f8b80000, 0x0000000100000000)
  eden space 269824K, 100% used [0x00000000e0000000,0x00000000f0780000,0x00000000f0780000)
  from space 59904K, 83% used [0x00000000f4700000,0x00000000f77eb060,0x00000000f8180000)
  to   space 65024K, 0% used [0x00000000f0780000,0x00000000f0780000,0x00000000f4700000)
 ParOldGen       total 209920K, used 47270K [0x00000000a0000000, 0x00000000acd00000, 0x00000000e0000000)
  object space 209920K, 22% used [0x00000000a0000000,0x00000000a2e29bd0,0x00000000acd00000)
 Metaspace       used 121216K, capacity 128320K, committed 128472K, reserved 1161216K
  class space    used 15599K, capacity 16841K, committed 16896K, reserved 1048576K
Event: 5047.259 GC heap after
Heap after GC invocations=43 (full 4):
 PSYoungGen      total 334848K, used 27596K [0x00000000e0000000, 0x00000000f8b80000, 0x0000000100000000)
  eden space 269824K, 0% used [0x00000000e0000000,0x00000000e0000000,0x00000000f0780000)
  from space 65024K, 42% used [0x00000000f0780000,0x00000000f2273340,0x00000000f4700000)
  to   space 59904K, 0% used [0x00000000f4700000,0x00000000f4700000,0x00000000f8180000)
 ParOldGen       total 209920K, used 68168K [0x00000000a0000000, 0x00000000acd00000, 0x00000000e0000000)
  object space 209920K, 32% used [0x00000000a0000000,0x00000000a42920b8,0x00000000acd00000)
 Metaspace       used 121216K, capacity 128320K, committed 128472K, reserved 1161216K
  class space    used 15599K, capacity 16841K, committed 16896K, reserved 1048576K
}
Event: 5048.405 GC heap before
{Heap before GC invocations=44 (full 4):
 PSYoungGen      total 334848K, used 297420K [0x00000000e0000000, 0x00000000f8b80000, 0x0000000100000000)
  eden space 269824K, 100% used [0x00000000e0000000,0x00000000f0780000,0x00000000f0780000)
  from space 65024K, 42% used [0x00000000f0780000,0x00000000f2273340,0x00000000f4700000)
  to   space 59904K, 0% used [0x00000000f4700000,0x00000000f4700000,0x00000000f8180000)
 ParOldGen       total 209920K, used 68168K [0x00000000a0000000, 0x00000000acd00000, 0x00000000e0000000)
  object space 209920K, 32% used [0x00000000a0000000,0x00000000a42920b8,0x00000000acd00000)
 Metaspace       used 121469K, capacity 128566K, committed 128728K, reserved 1161216K
  class space    used 15635K, capacity 16882K, committed 16896K, reserved 1048576K
Event: 5048.443 GC heap after
Heap after GC invocations=44 (full 4):
 PSYoungGen      total 329728K, used 15327K [0x00000000e0000000, 0x00000000f8b80000, 0x0000000100000000)
  eden space 269824K, 0% used [0x00000000e0000000,0x00000000e0000000,0x00000000f0780000)
  from space 59904K, 25% used [0x00000000f4700000,0x00000000f55f7fe8,0x00000000f8180000)
  to   space 65024K, 0% used [0x00000000f0780000,0x00000000f0780000,0x00000000f4700000)
 ParOldGen       total 209920K, used 75456K [0x00000000a0000000, 0x00000000acd00000, 0x00000000e0000000)
  object space 209920K, 35% used [0x00000000a0000000,0x00000000a49b00b0,0x00000000acd00000)
 Metaspace       used 121469K, capacity 128566K, committed 128728K, reserved 1161216K
  class space    used 15635K, capacity 16882K, committed 16896K, reserved 1048576K
}
Event: 5050.531 GC heap before
{Heap before GC invocations=45 (full 4):
 PSYoungGen      total 329728K, used 285151K [0x00000000e0000000, 0x00000000f8b80000, 0x0000000100000000)
  eden space 269824K, 100% used [0x00000000e0000000,0x00000000f0780000,0x00000000f0780000)
  from space 59904K, 25% used [0x00000000f4700000,0x00000000f55f7fe8,0x00000000f8180000)
  to   space 65024K, 0% used [0x00000000f0780000,0x00000000f0780000,0x00000000f4700000)
 ParOldGen       total 209920K, used 75456K [0x00000000a0000000, 0x00000000acd00000, 0x00000000e0000000)
  object space 209920K, 35% used [0x00000000a0000000,0x00000000a49b00b0,0x00000000acd00000)
 Metaspace       used 121632K, capacity 128740K, committed 128984K, reserved 1161216K
  class space    used 15647K, capacity 16889K, committed 16896K, reserved 1048576K
Event: 5050.561 GC heap after
Heap after GC invocations=45 (full 4):
 PSYoungGen      total 334848K, used 11179K [0x00000000e0000000, 0x00000000fa200000, 0x0000000100000000)
  eden space 269824K, 0% used [0x00000000e0000000,0x00000000e0000000,0x00000000f0780000)
  from space 65024K, 17% used [0x00000000f0780000,0x00000000f126ad20,0x00000000f4700000)
  to   space 60416K, 0% used [0x00000000f6700000,0x00000000f6700000,0x00000000fa200000)
 ParOldGen       total 209920K, used 80525K [0x00000000a0000000, 0x00000000acd00000, 0x00000000e0000000)
  object space 209920K, 38% used [0x00000000a0000000,0x00000000a4ea34c0,0x00000000acd00000)
 Metaspace       used 121632K, capacity 128740K, committed 128984K, reserved 1161216K
  class space    used 15647K, capacity 16889K, committed 16896K, reserved 1048576K
}

